ViewPagerIndicator-Master2/app/build/outputs/logs/manifest-merger-debug-report.txt
-- Merging decision tree log ---
manifest
ADDED from src\main\AndroidManifest.xml:2:1-296:12
	package
		ADDED from src\main\AndroidManifest.xml:3:5-50
		INJECTED from src\main\AndroidManifest.xml
		INJECTED from src\main\AndroidManifest.xml
	android:versionName
		INJECTED from src\main\AndroidManifest.xml
		INJECTED from src\main\AndroidManifest.xml
	xmlns:android
		ADDED from src\main\AndroidManifest.xml:2:11-69
	android:versionCode
		INJECTED from src\main\AndroidManifest.xml
		INJECTED from src\main\AndroidManifest.xml
application
ADDED from src\main\AndroidManifest.xml:5:5-294:19
MERGED from [com.android.support.constraint:constraint-layout:1.0.2] AndroidManifest.xml:9:5-20
MERGED from [ViewPagerIndicator-Master2:library:unspecified] AndroidManifest.xml:11:5-15:19
MERGED from [com.android.support:appcompat-v7:26.0.0-alpha1] AndroidManifest.xml:29:5-20
MERGED from [com.android.support:support-v4:26.0.0-alpha1] AndroidManifest.xml:29:5-20
MERGED from [com.android.support:support-media-compat:26.0.0-alpha1] AndroidManifest.xml:29:5-20
MERGED from [com.android.support:support-fragment:26.0.0-alpha1] AndroidManifest.xml:29:5-20
MERGED from [com.android.support:support-core-ui:26.0.0-alpha1] AndroidManifest.xml:29:5-20
MERGED from [com.android.support:support-core-utils:26.0.0-alpha1] AndroidManifest.xml:29:5-20
MERGED from [com.android.support:animated-vector-drawable:26.0.0-alpha1] AndroidManifest.xml:26:5-20
MERGED from [com.android.support:support-vector-drawable:26.0.0-alpha1] AndroidManifest.xml:26:5-20
MERGED from [com.android.support:support-compat:26.0.0-alpha1] AndroidManifest.xml:29:5-20
	android:label
		ADDED from src\main\AndroidManifest.xml:8:9-41
	android:supportsRtl
		ADDED from src\main\AndroidManifest.xml:10:9-35
	android:roundIcon
		ADDED from src\main\AndroidManifest.xml:9:9-54
	android:allowBackup
		ADDED from src\main\AndroidManifest.xml:6:9-35
	android:icon
		ADDED from src\main\AndroidManifest.xml:7:9-43
activity#com.viewpagerindicator.admin.sample.ListSamples
ADDED from src\main\AndroidManifest.xml:12:9-20:20
	android:label
		ADDED from src\main\AndroidManifest.xml:14:13-48
	android:name
		ADDED from src\main\AndroidManifest.xml:13:13-40
intent-filter#android.intent.action.MAIN+android.intent.category.LAUNCHER
ADDED from src\main\AndroidManifest.xml:16:13-19:29
action#android.intent.action.MAIN
ADDED from src\main\AndroidManifest.xml:17:17-69
	android:name
		ADDED from src\main\AndroidManifest.xml:17:25-66
category#android.intent.category.LAUNCHER
ADDED from src\main\AndroidManifest.xml:18:17-77
	android:name
		ADDED from src\main\AndroidManifest.xml:18:27-74
activity#com.viewpagerindicator.admin.sample.SampleCirclesDefault
ADDED from src\main\AndroidManifest.xml:25:9-32:20
	android:label
		ADDED from src\main\AndroidManifest.xml:27:13-44
	android:name
		ADDED from src\main\AndroidManifest.xml:26:13-49
intent-filter#android.intent.action.MAIN+com.jakewharton.android.viewpagerindicator.sample.SAMPLE
ADDED from src\main\AndroidManifest.xml:28:13-31:29
category#com.jakewharton.android.viewpagerindicator.sample.SAMPLE
ADDED from src\main\AndroidManifest.xml:30:17-101
	android:name
		ADDED from src\main\AndroidManifest.xml:30:27-98
activity#com.viewpagerindicator.admin.sample.SampleCirclesInitialPage
ADDED from src\main\AndroidManifest.xml:33:9-40:20
	android:label
		ADDED from src\main\AndroidManifest.xml:35:13-49
	android:name
		ADDED from src\main\AndroidManifest.xml:34:13-53
activity#com.viewpagerindicator.admin.sample.SampleCirclesSnap
ADDED from src\main\AndroidManifest.xml:41:9-48:20
	android:label
		ADDED from src\main\AndroidManifest.xml:43:13-41
	android:name
		ADDED from src\main\AndroidManifest.xml:42:13-46
activity#com.viewpagerindicator.admin.sample.SampleCirclesStyledLayout
ADDED from src\main\AndroidManifest.xml:49:9-57:20
	android:label
		ADDED from src\main\AndroidManifest.xml:51:13-56
	android:theme
		ADDED from src\main\AndroidManifest.xml:52:13-55
	android:name
		ADDED from src\main\AndroidManifest.xml:50:13-54
activity#com.viewpagerindicator.admin.sample.SampleCirclesStyledMethods
ADDED from src\main\AndroidManifest.xml:58:9-66:20
	android:label
		ADDED from src\main\AndroidManifest.xml:60:13-57
	android:theme
		ADDED from src\main\AndroidManifest.xml:61:13-55
	android:name
		ADDED from src\main\AndroidManifest.xml:59:13-55
activity#com.viewpagerindicator.admin.sample.SampleCirclesStyledTheme
ADDED from src\main\AndroidManifest.xml:67:9-75:20
	android:label
		ADDED from src\main\AndroidManifest.xml:69:13-55
	android:theme
		ADDED from src\main\AndroidManifest.xml:70:13-52
	android:name
		ADDED from src\main\AndroidManifest.xml:68:13-53
activity#com.viewpagerindicator.admin.sample.SampleCirclesWithListener
ADDED from src\main\AndroidManifest.xml:76:9-83:20
	android:label
		ADDED from src\main\AndroidManifest.xml:78:13-50
	android:name
		ADDED from src\main\AndroidManifest.xml:77:13-54
activity#com.viewpagerindicator.admin.sample.SampleIconsDefault
ADDED from src\main\AndroidManifest.xml:88:9-95:20
	android:label
		ADDED from src\main\AndroidManifest.xml:90:13-42
	android:name
		ADDED from src\main\AndroidManifest.xml:89:13-47
activity#com.viewpagerindicator.admin.sample.SampleLinesDefault
ADDED from src\main\AndroidManifest.xml:101:9-108:20
	android:label
		ADDED from src\main\AndroidManifest.xml:103:13-42
	android:name
		ADDED from src\main\AndroidManifest.xml:102:13-47
activity#com.viewpagerindicator.admin.sample.SampleLinesStyledLayout
ADDED from src\main\AndroidManifest.xml:109:9-117:20
	android:label
		ADDED from src\main\AndroidManifest.xml:111:13-54
	android:theme
		ADDED from src\main\AndroidManifest.xml:112:13-55
	android:name
		ADDED from src\main\AndroidManifest.xml:110:13-52
activity#com.viewpagerindicator.admin.sample.SampleLinesStyledMethods
ADDED from src\main\AndroidManifest.xml:118:9-126:20
	android:label
		ADDED from src\main\AndroidManifest.xml:120:13-55
	android:theme
		ADDED from src\main\AndroidManifest.xml:121:13-55
	android:name
		ADDED from src\main\AndroidManifest.xml:119:13-53
activity#com.viewpagerindicator.admin.sample.SampleLinesStyledTheme
ADDED from src\main\AndroidManifest.xml:127:9-135:20
	android:label
		ADDED from src\main\AndroidManifest.xml:129:13-53
	android:theme
		ADDED from src\main\AndroidManifest.xml:130:13-52
	android:name
		ADDED from src\main\AndroidManifest.xml:128:13-51
activity#com.viewpagerindicator.admin.sample.SampleTitlesBottom
ADDED from src\main\AndroidManifest.xml:140:9-147:20
	android:label
		ADDED from src\main\AndroidManifest.xml:142:13-52
	android:name
		ADDED from src\main\AndroidManifest.xml:141:13-47
activity#com.viewpagerindicator.admin.sample.SampleTitlesCenterClickListener
ADDED from src\main\AndroidManifest.xml:148:9-155:20
	android:label
		ADDED from src\main\AndroidManifest.xml:150:13-57
	android:name
		ADDED from src\main\AndroidManifest.xml:149:13-60
activity#com.viewpagerindicator.admin.sample.SampleTitlesDefault
ADDED from src\main\AndroidManifest.xml:156:9-163:20
	android:label
		ADDED from src\main\AndroidManifest.xml:158:13-43
	android:name
		ADDED from src\main\AndroidManifest.xml:157:13-48
activity#com.viewpagerindicator.admin.sample.SampleTitlesInitialPage
ADDED from src\main\AndroidManifest.xml:164:9-171:20
	android:label
		ADDED from src\main\AndroidManifest.xml:166:13-48
	android:name
		ADDED from src\main\AndroidManifest.xml:165:13-52
activity#com.viewpagerindicator.admin.sample.SampleTitlesStyledLayout
ADDED from src\main\AndroidManifest.xml:172:9-180:20
	android:label
		ADDED from src\main\AndroidManifest.xml:174:13-55
	android:theme
		ADDED from src\main\AndroidManifest.xml:175:13-55
	android:name
		ADDED from src\main\AndroidManifest.xml:173:13-53
activity#com.viewpagerindicator.admin.sample.SampleTitlesStyledMethods
ADDED from src\main\AndroidManifest.xml:181:9-189:20
	android:label
		ADDED from src\main\AndroidManifest.xml:183:13-56
	android:theme
		ADDED from src\main\AndroidManifest.xml:184:13-55
	android:name
		ADDED from src\main\AndroidManifest.xml:182:13-54
activity#com.viewpagerindicator.admin.sample.SampleTitlesStyledTheme
ADDED from src\main\AndroidManifest.xml:190:9-198:20
	android:label
		ADDED from src\main\AndroidManifest.xml:192:13-54
	android:theme
		ADDED from src\main\AndroidManifest.xml:193:13-52
	android:name
		ADDED from src\main\AndroidManifest.xml:191:13-52
activity#com.viewpagerindicator.admin.sample.SampleTitlesTriangle
ADDED from src\main\AndroidManifest.xml:199:9-206:20
	android:label
		ADDED from src\main\AndroidManifest.xml:201:13-50
	android:name
		ADDED from src\main\AndroidManifest.xml:200:13-49
activity#com.viewpagerindicator.admin.sample.SampleTitlesWithListener
ADDED from src\main\AndroidManifest.xml:207:9-214:20
	android:label
		ADDED from src\main\AndroidManifest.xml:209:13-49
	android:name
		ADDED from src\main\AndroidManifest.xml:208:13-53
activity#com.viewpagerindicator.admin.sample.SampleTabsDefault
ADDED from src\main\AndroidManifest.xml:219:9-227:20
	android:label
		ADDED from src\main\AndroidManifest.xml:221:13-41
	android:theme
		ADDED from src\main\AndroidManifest.xml:222:13-63
	android:name
		ADDED from src\main\AndroidManifest.xml:220:13-46
activity#com.viewpagerindicator.admin.sample.SampleTabsStyled
ADDED from src\main\AndroidManifest.xml:228:9-236:20
	android:label
		ADDED from src\main\AndroidManifest.xml:230:13-40
	android:theme
		ADDED from src\main\AndroidManifest.xml:231:13-52
	android:name
		ADDED from src\main\AndroidManifest.xml:229:13-45
activity#com.viewpagerindicator.admin.sample.SampleTabsWithIcons
ADDED from src\main\AndroidManifest.xml:237:9-245:20
	android:label
		ADDED from src\main\AndroidManifest.xml:239:13-44
	android:theme
		ADDED from src\main\AndroidManifest.xml:240:13-52
	android:name
		ADDED from src\main\AndroidManifest.xml:238:13-48
activity#com.viewpagerindicator.admin.sample.SampleUnderlinesDefault
ADDED from src\main\AndroidManifest.xml:250:9-257:20
	android:label
		ADDED from src\main\AndroidManifest.xml:252:13-47
	android:name
		ADDED from src\main\AndroidManifest.xml:251:13-52
activity#com.viewpagerindicator.admin.sample.SampleUnderlinesNoFade
ADDED from src\main\AndroidManifest.xml:258:9-265:20
	android:label
		ADDED from src\main\AndroidManifest.xml:260:13-47
	android:name
		ADDED from src\main\AndroidManifest.xml:259:13-51
activity#com.viewpagerindicator.admin.sample.SampleUnderlinesStyledLayout
ADDED from src\main\AndroidManifest.xml:266:9-274:20
	android:label
		ADDED from src\main\AndroidManifest.xml:268:13-59
	android:theme
		ADDED from src\main\AndroidManifest.xml:269:13-55
	android:name
		ADDED from src\main\AndroidManifest.xml:267:13-57
activity#com.viewpagerindicator.admin.sample.SampleUnderlinesStyledMethods
ADDED from src\main\AndroidManifest.xml:275:9-283:20
	android:label
		ADDED from src\main\AndroidManifest.xml:277:13-60
	android:theme
		ADDED from src\main\AndroidManifest.xml:278:13-55
	android:name
		ADDED from src\main\AndroidManifest.xml:276:13-58
activity#com.viewpagerindicator.admin.sample.SampleUnderlinesStyledTheme
ADDED from src\main\AndroidManifest.xml:284:9-292:20
	android:label
		ADDED from src\main\AndroidManifest.xml:286:13-58
	android:theme
		ADDED from src\main\AndroidManifest.xml:287:13-52
	android:name
		ADDED from src\main\AndroidManifest.xml:285:13-56
uses-sdk
INJECTED from src\main\AndroidManifest.xml reason: use-sdk injection requested
MERGED from [com.android.support.constraint:constraint-layout:1.0.2] AndroidManifest.xml:5:5-7:41
MERGED from [ViewPagerIndicator-Master2:library:unspecified] AndroidManifest.xml:7:5-9:41
MERGED from [com.android.support:appcompat-v7:26.0.0-alpha1] AndroidManifest.xml:21:5-23:78
MERGED from [com.android.support:support-v4:26.0.0-alpha1] AndroidManifest.xml:21:5-23:54
MERGED from [com.android.support:support-media-compat:26.0.0-alpha1] AndroidManifest.xml:21:5-23:63
MERGED from [com.android.support:support-fragment:26.0.0-alpha1] AndroidManifest.xml:21:5-23:60
MERGED from [com.android.support:support-core-ui:26.0.0-alpha1] AndroidManifest.xml:21:5-23:58
MERGED from [com.android.support:support-core-utils:26.0.0-alpha1] AndroidManifest.xml:21:5-23:61
MERGED from [com.android.support:animated-vector-drawable:26.0.0-alpha1] AndroidManifest.xml:20:5-44
MERGED from [com.android.support:support-vector-drawable:26.0.0-alpha1] AndroidManifest.xml:20:5-44
MERGED from [com.android.support:support-compat:26.0.0-alpha1] AndroidManifest.xml:21:5-23:58
	tools:overrideLibrary
		ADDED from [com.android.support:appcompat-v7:26.0.0-alpha1] AndroidManifest.xml:23:9-75
	android:targetSdkVersion
		INJECTED from src\main\AndroidManifest.xml
		INJECTED from src\main\AndroidManifest.xml
	android:minSdkVersion
		INJECTED from src\main\AndroidManifest.xml
		INJECTED from src\main\AndroidManifest.xml
meta-data#android.support.VERSION
ADDED from [com.android.support:appcompat-v7:26.0.0-alpha1] AndroidManifest.xml:25:5-27:41
MERGED from [com.android.support:support-v4:26.0.0-alpha1] AndroidManifest.xml:25:5-27:41
MERGED from [com.android.support:support-media-compat:26.0.0-alpha1] AndroidManifest.xml:25:5-27:41
MERGED from [com.android.support:support-fragment:26.0.0-alpha1] AndroidManifest.xml:25:5-27:41
MERGED from [com.android.support:support-core-ui:26.0.0-alpha1] AndroidManifest.xml:25:5-27:41
MERGED from [com.android.support:support-core-utils:26.0.0-alpha1] AndroidManifest.xml:25:5-27:41
MERGED from [com.android.support:animated-vector-drawable:26.0.0-alpha1] AndroidManifest.xml:22:5-24:41
MERGED from [com.android.support:support-vector-drawable:26.0.0-alpha1] AndroidManifest.xml:22:5-24:41
MERGED from [com.android.support:support-compat:26.0.0-alpha1] AndroidManifest.xml:25:5-27:41
	android:value
		ADDED from [com.android.support:appcompat-v7:26.0.0-alpha1] AndroidManifest.xml:27:9-38
	android:name
		ADDED from [com.android.support:appcompat-v7:26.0.0-alpha1] AndroidManifest.xml:26:9-47